<?xml version="1.0" encoding="UTF-8"?>
<!-- Generated by org.testng.reporters.JUnitReportReporter -->
<testsuite hostname="zoran" failures="0" tests="1" name="zsevo.ThirdTest" time="56.285" errors="0" timestamp="2021-12-01T07:32:32 CET" skipped="0">
  <testcase classname="zsevo.ThirdTest" name="test1" time="56.285"/>
  <system-out/>
</testsuite> <!-- zsevo.ThirdTest -->
